<?xml version="1.0" encoding="UTF-8"?>
<testng-results ignored="0" total="2" passed="2" failed="0" skipped="0">
  <reporter-output>
  </reporter-output>
  <suite started-at="2025-12-18T16:02:26 IST" name="Default suite" finished-at="2025-12-18T16:04:43 IST" duration-ms="137329">
    <groups>
    </groups>
    <test started-at="2025-12-18T16:02:26 IST" name="Default test" finished-at="2025-12-18T16:04:43 IST" duration-ms="137329">
      <class name="Tests.AdminTest">
        <test-method signature="AdminTestCases()[pri:2, instance:Tests.AdminTest@5dda768f]" started-at="2025-12-18T16:02:45 IST" name="AdminTestCases" finished-at="2025-12-18T16:04:40 IST" depends-on-methods="Tests.LoginTest.LoginPageTestcases" duration-ms="115425" status="PASS">
          <reporter-output>
          </reporter-output>
        </test-method> <!-- AdminTestCases -->
        <test-method is-config="true" signature="generateReport(org.testng.ITestContext)[pri:0, instance:Tests.AdminTest@5dda768f]" started-at="2025-12-18T16:02:45 IST" name="generateReport" finished-at="2025-12-18T16:02:45 IST" duration-ms="0" status="PASS">
          <params>
            <param index="0">
              <value>
                <![CDATA[org.testng.TestRunner@51a651c1]]>
              </value>
            </param>
          </params>
          <reporter-output>
          </reporter-output>
        </test-method> <!-- generateReport -->
        <test-method is-config="true" signature="CloseReport()[pri:0, instance:Tests.AdminTest@5dda768f]" started-at="2025-12-18T16:04:40 IST" name="CloseReport" finished-at="2025-12-18T16:04:43 IST" duration-ms="3249" status="PASS">
          <reporter-output>
          </reporter-output>
        </test-method> <!-- CloseReport -->
      </class> <!-- Tests.AdminTest -->
      <class name="Tests.LoginTest">
        <test-method is-config="true" signature="LaunchBrowser(org.testng.ITestContext)[pri:0, instance:Tests.LoginTest@2a5c8d3f]" started-at="2025-12-18T16:02:26 IST" name="LaunchBrowser" finished-at="2025-12-18T16:02:32 IST" duration-ms="6381" status="PASS">
          <params>
            <param index="0">
              <value>
                <![CDATA[org.testng.TestRunner@51a651c1]]>
              </value>
            </param>
          </params>
          <reporter-output>
          </reporter-output>
        </test-method> <!-- LaunchBrowser -->
        <test-method signature="LoginPageTestcases()[pri:1, instance:Tests.LoginTest@2a5c8d3f]" started-at="2025-12-18T16:02:32 IST" name="LoginPageTestcases" finished-at="2025-12-18T16:02:42 IST" duration-ms="10006" status="PASS">
          <reporter-output>
          </reporter-output>
        </test-method> <!-- LoginPageTestcases -->
        <test-method is-config="true" signature="CloseBrowser()[pri:0, instance:Tests.LoginTest@2a5c8d3f]" started-at="2025-12-18T16:02:42 IST" name="CloseBrowser" finished-at="2025-12-18T16:02:45 IST" duration-ms="2232" status="PASS">
          <reporter-output>
          </reporter-output>
        </test-method> <!-- CloseBrowser -->
      </class> <!-- Tests.LoginTest -->
    </test> <!-- Default test -->
  </suite> <!-- Default suite -->
</testng-results>
