<?xml version="1.0" encoding="UTF-8"?>
<testng-results ignored="0" total="1" passed="1" failed="0" skipped="0">
  <reporter-output>
  </reporter-output>
  <suite started-at="2025-12-09T11:03:25 IST" name="Suite" finished-at="2025-12-09T11:03:50 IST" duration-ms="25057">
    <groups>
    </groups>
    <test started-at="2025-12-09T11:03:25 IST" name="Test" finished-at="2025-12-09T11:03:50 IST" duration-ms="25057">
      <class name="Test.LoginTest">
        <test-method is-config="true" signature="LaunchBrowser(org.testng.ITestContext)[pri:0, instance:Test.LoginTest@72e5a8e]" started-at="2025-12-09T11:03:25 IST" name="LaunchBrowser" finished-at="2025-12-09T11:03:35 IST" duration-ms="9392" status="PASS">
          <params>
            <param index="0">
              <value>
                <![CDATA[org.testng.TestRunner@21bd20ee]]>
              </value>
            </param>
          </params>
          <reporter-output>
          </reporter-output>
        </test-method> <!-- LaunchBrowser -->
        <test-method signature="LoginTestcases_001()[pri:0, instance:Test.LoginTest@72e5a8e]" started-at="2025-12-09T11:03:35 IST" name="LoginTestcases_001" finished-at="2025-12-09T11:03:47 IST" duration-ms="12235" status="PASS">
          <reporter-output>
          </reporter-output>
        </test-method> <!-- LoginTestcases_001 -->
        <test-method is-config="true" signature="closeBrowser()[pri:0, instance:Test.LoginTest@72e5a8e]" started-at="2025-12-09T11:03:47 IST" name="closeBrowser" finished-at="2025-12-09T11:03:50 IST" duration-ms="3410" status="PASS">
          <reporter-output>
          </reporter-output>
        </test-method> <!-- closeBrowser -->
      </class> <!-- Test.LoginTest -->
    </test> <!-- Test -->
  </suite> <!-- Suite -->
</testng-results>
